Arguments: 
  F:\develop\node.js\node.exe C:\Users\Administrator\AppData\Roaming\npm\node_modules\yarn\bin\yarn.js start

PATH: 
  f:\develop\graphicsmagick-1.3.25-q16;C:\WINDOWS\system32;C:\WINDOWS;C:\WINDOWS\System32\Wbem;C:\WINDOWS\System32\WindowsPowerShell\v1.0\;F:\java\bin；C:\Program Files (x86)\ATI Technologies\ATI.ACE\Core-Static;C:\Program Files (x86)\QuickTime\QTSystem\;C:\Program Files\MongoDB\Server\3.4\bin\;F:\tool\php\php\php-5.6.27-nts;F:\composer;F:\develop\node.js\;C:\Program Files\dotnet\;C:\Program Files\Microsoft SQL Server\130\Tools\Binn\;C:\WINDOWS\system32;C:\WINDOWS;C:\WINDOWS\System32\Wbem;C:\WINDOWS\System32\WindowsPowerShell\v1.0\;F:\tool\OpenVPN\bin;C:\Ruby25-x64\bin;F:\develop\nvm;F:\develop\node.js;F:\develop\nvm\npm;F:\develop\git\bin;F:\develop\Microsoft VS Code\bin；;F:\develop\Microsoft VS Code\bin；F:\develop\GraphicsMagick-1.3.25-Q16;F:\develop\Microsoft VS Code\bin;C:\Users\Administrator\AppData\Local\GitHubDesktop\bin;F:\tool\phantomjs-2.1.1-windows\bin;C:\Users\Administrator\AppData\Roaming\Composer\vendor\bin;F:\paython;C:\Users\Administrator\AppData\Roaming\npm;C:\Program Files (x86)\ClockworkMod\Universal Adb Driver;F:\paython\Scripts;C:\Users\Administrator\AppData\Local\Microsoft\WindowsApps;C:\Program Files\MongoDB\Server\3.4\bin

Yarn version: 
  1.5.1

Node version: 
  9.2.0

Platform: 
  win32 x64

npm manifest: 
  {
    "name": "react-dianping-webpack",
    "version": "1.0.0",
    "description": "",
    "main": "index.js",
    "scripts": {
      "start": "set NODE_ENV=dev && webpack-dev-server --progress --colors",
      "build": "rm -rf ./build && NODE_ENV=production webpack --config ./webpack.production.config.js --progress --colors",
      "mock": "node --harmony ./mock/server.js"
    },
    "author": "",
    "license": "ISC",
    "devDependencies": {
      "autoprefixer": "^6.4.0",
      "babel-core": "^6.14.0",
      "babel-loader": "^6.2.5",
      "babel-plugin-react-transform": "^2.0.2",
      "babel-preset-es2015": "^6.14.0",
      "babel-preset-react": "^6.11.1",
      "copy-webpack-plugin": "^4.5.1",
      "css-loader": "^0.24.0",
      "eslint": "^3.4.0",
      "eslint-loader": "^1.5.0",
      "extract-text-webpack-plugin": "^1.0.1",
      "file-loader": "^0.9.0",
      "html-webpack-plugin": "^2.22.0",
      "json-loader": "^0.5.4",
      "koa": "^1.2.2",
      "koa-router": "^5.4.0",
      "less": "^2.7.1",
      "less-loader": "^2.2.3",
      "open-browser-webpack-plugin": "0.0.2",
      "postcss-loader": "^0.11.0",
      "react-transform-hmr": "^1.0.4",
      "style-loader": "^0.13.1",
      "url-loader": "^0.5.7",
      "webpack": "^1.13.2",
      "webpack-dev-server": "^1.15.0"
    },
    "dependencies": {
      "es6-promise": "^3.2.1",
      "immutable": "^3.8.1",
      "react": "^15.3.2",
      "react-addons-css-transition-group": "^15.3.1",
      "react-addons-pure-render-mixin": "^15.3.1",
      "react-dom": "^15.3.1",
      "react-redux": "^4.4.5",
      "react-router": "^2.7.0",
      "react-swipe": "^5.0.5",
      "redux": "^3.5.2",
      "swipe-js-iso": "^2.0.3",
      "whatwg-fetch": "^1.0.0"
    }
  }

yarn manifest: 
  No manifest

Lockfile: 
  No lockfile

Trace: 
  Error: Command failed.
  Exit code: 1
  Command: C:\WINDOWS\system32\cmd.exe
  Arguments: /d /s /c set NODE_ENV=dev && webpack-dev-server --progress --colors
  Directory: F:\project\毕业设计\C端\front-end
  Output:
  
      at ProcessTermError.MessageError (C:\Users\Administrator\AppData\Roaming\npm\node_modules\yarn\lib\cli.js:186:110)
      at new ProcessTermError (C:\Users\Administrator\AppData\Roaming\npm\node_modules\yarn\lib\cli.js:226:113)
      at ChildProcess.<anonymous> (C:\Users\Administrator\AppData\Roaming\npm\node_modules\yarn\lib\cli.js:30281:17)
      at ChildProcess.emit (events.js:159:13)
      at maybeClose (internal/child_process.js:943:16)
      at Process.ChildProcess._handle.onexit (internal/child_process.js:220:5)
